# JRE version: Java(TM) SE Runtime Environment (8.0_341-b10) (build 1.8.0_341-b10)
# Java VM: Java HotSpot(TM) 64-Bit Server VM (25.341-b10 mixed mode windows-amd64 compressed oops)
Heap:
 PSYoungGen      total 90624K, used 61883K [0x00000000e0000000, 0x00000000e8b00000, 0x0000000100000000)
  eden space 80384K, 71% used [0x00000000e0000000,0x00000000e3846c90,0x00000000e4e80000)
  from space 10240K, 41% used [0x00000000e4e80000,0x00000000e52a8010,0x00000000e5880000)
  to   space 10240K, 0% used [0x00000000e8100000,0x00000000e8100000,0x00000000e8b00000)
 ParOldGen       total 84480K, used 23509K [0x00000000a0000000, 0x00000000a5280000, 0x00000000e0000000)
  object space 84480K, 27% used [0x00000000a0000000,0x00000000a16f5458,0x00000000a5280000)
 Metaspace       used 41213K, capacity 43248K, committed 43480K, reserved 1087488K
  class space    used 5868K, capacity 6304K, committed 6360K, reserved 1048576K
GC Heap History (10 events):
Event: 83.728 GC heap before
{Heap before GC invocations=13 (full 1):
 PSYoungGen      total 52224K, used 29724K [0x00000000e0000000, 0x00000000e4e00000, 0x0000000100000000)
  eden space 42496K, 56% used [0x00000000e0000000,0x00000000e17789f0,0x00000000e2980000)
  from space 9728K, 58% used [0x00000000e2980000,0x00000000e2f0e9e0,0x00000000e3300000)
  to   space 9216K, 0% used [0x00000000e4500000,0x00000000e4500000,0x00000000e4e00000)
 ParOldGen       total 59392K, used 13071K [0x00000000a0000000, 0x00000000a3a00000, 0x00000000e0000000)
  object space 59392K, 22% used [0x00000000a0000000,0x00000000a0cc3fa8,0x00000000a3a00000)
 Metaspace       used 33772K, capacity 35318K, committed 35416K, reserved 1079296K
  class space    used 5033K, capacity 5379K, committed 5464K, reserved 1048576K
Event: 83.737 GC heap after
Heap after GC invocations=13 (full 1):
 PSYoungGen      total 68608K, used 2432K [0x00000000e0000000, 0x00000000e4d00000, 0x0000000100000000)
  eden space 60416K, 0% used [0x00000000e0000000,0x00000000e0000000,0x00000000e3b00000)
  from space 8192K, 29% used [0x00000000e4500000,0x00000000e4760200,0x00000000e4d00000)
  to   space 9216K, 0% used [0x00000000e3b00000,0x00000000e3b00000,0x00000000e4400000)
 ParOldGen       total 59392K, used 14677K [0x00000000a0000000, 0x00000000a3a00000, 0x00000000e0000000)
  object space 59392K, 24% used [0x00000000a0000000,0x00000000a0e556e8,0x00000000a3a00000)
 Metaspace       used 33772K, capacity 35318K, committed 35416K, reserved 1079296K
  class space    used 5033K, capacity 5379K, committed 5464K, reserved 1048576K
}
Event: 83.737 GC heap before
{Heap before GC invocations=14 (full 2):
 PSYoungGen      total 68608K, used 2432K [0x00000000e0000000, 0x00000000e4d00000, 0x0000000100000000)
  eden space 60416K, 0% used [0x00000000e0000000,0x00000000e0000000,0x00000000e3b00000)
  from space 8192K, 29% used [0x00000000e4500000,0x00000000e4760200,0x00000000e4d00000)
  to   space 9216K, 0% used [0x00000000e3b00000,0x00000000e3b00000,0x00000000e4400000)
 ParOldGen       total 59392K, used 14677K [0x00000000a0000000, 0x00000000a3a00000, 0x00000000e0000000)
  object space 59392K, 24% used [0x00000000a0000000,0x00000000a0e556e8,0x00000000a3a00000)
 Metaspace       used 33772K, capacity 35318K, committed 35416K, reserved 1079296K
  class space    used 5033K, capacity 5379K, committed 5464K, reserved 1048576K
Event: 83.862 GC heap after
Heap after GC invocations=14 (full 2):
 PSYoungGen      total 68608K, used 0K [0x00000000e0000000, 0x00000000e4d00000, 0x0000000100000000)
  eden space 60416K, 0% used [0x00000000e0000000,0x00000000e0000000,0x00000000e3b00000)
  from space 8192K, 0% used [0x00000000e4500000,0x00000000e4500000,0x00000000e4d00000)
  to   space 9216K, 0% used [0x00000000e3b00000,0x00000000e3b00000,0x00000000e4400000)
 ParOldGen       total 84480K, used 15027K [0x00000000a0000000, 0x00000000a5280000, 0x00000000e0000000)
  object space 84480K, 17% used [0x00000000a0000000,0x00000000a0eacc48,0x00000000a5280000)
 Metaspace       used 33765K, capacity 35304K, committed 35416K, reserved 1079296K
  class space    used 5031K, capacity 5374K, committed 5464K, reserved 1048576K
}
Event: 97.831 GC heap before
{Heap before GC invocations=15 (full 2):
 PSYoungGen      total 68608K, used 60416K [0x00000000e0000000, 0x00000000e4d00000, 0x0000000100000000)
  eden space 60416K, 100% used [0x00000000e0000000,0x00000000e3b00000,0x00000000e3b00000)
  from space 8192K, 0% used [0x00000000e4500000,0x00000000e4500000,0x00000000e4d00000)
  to   space 9216K, 0% used [0x00000000e3b00000,0x00000000e3b00000,0x00000000e4400000)
 ParOldGen       total 84480K, used 15027K [0x00000000a0000000, 0x00000000a5280000, 0x00000000e0000000)
  object space 84480K, 17% used [0x00000000a0000000,0x00000000a0eacc48,0x00000000a5280000)
 Metaspace       used 39864K, capacity 41582K, committed 41688K, reserved 1085440K
  class space    used 5694K, capacity 6050K, committed 6104K, reserved 1048576K
Event: 97.893 GC heap after
Heap after GC invocations=15 (full 2):
 PSYoungGen      total 69632K, used 9013K [0x00000000e0000000, 0x00000000e6280000, 0x0000000100000000)
  eden space 60416K, 0% used [0x00000000e0000000,0x00000000e0000000,0x00000000e3b00000)
  from space 9216K, 97% used [0x00000000e3b00000,0x00000000e43cd4c8,0x00000000e4400000)
  to   space 10240K, 0% used [0x00000000e5880000,0x00000000e5880000,0x00000000e6280000)
 ParOldGen       total 84480K, used 15035K [0x00000000a0000000, 0x00000000a5280000, 0x00000000e0000000)
  object space 84480K, 17% used [0x00000000a0000000,0x00000000a0eaec48,0x00000000a5280000)
 Metaspace       used 39864K, capacity 41582K, committed 41688K, reserved 1085440K
  class space    used 5694K, capacity 6050K, committed 6104K, reserved 1048576K
}
Event: 98.530 GC heap before
{Heap before GC invocations=16 (full 2):
 PSYoungGen      total 69632K, used 69429K [0x00000000e0000000, 0x00000000e6280000, 0x0000000100000000)
  eden space 60416K, 100% used [0x00000000e0000000,0x00000000e3b00000,0x00000000e3b00000)
  from space 9216K, 97% used [0x00000000e3b00000,0x00000000e43cd4c8,0x00000000e4400000)
  to   space 10240K, 0% used [0x00000000e5880000,0x00000000e5880000,0x00000000e6280000)
 ParOldGen       total 84480K, used 15035K [0x00000000a0000000, 0x00000000a5280000, 0x00000000e0000000)
  object space 84480K, 17% used [0x00000000a0000000,0x00000000a0eaec48,0x00000000a5280000)
 Metaspace       used 39869K, capacity 41582K, committed 41688K, reserved 1085440K
  class space    used 5694K, capacity 6050K, committed 6104K, reserved 1048576K
Event: 98.663 GC heap after
Heap after GC invocations=16 (full 2):
 PSYoungGen      total 90624K, used 3904K [0x00000000e0000000, 0x00000000e6e00000, 0x0000000100000000)
  eden space 80384K, 0% used [0x00000000e0000000,0x00000000e0000000,0x00000000e4e80000)
  from space 10240K, 38% used [0x00000000e5880000,0x00000000e5c50030,0x00000000e6280000)
  to   space 10240K, 0% used [0x00000000e4e80000,0x00000000e4e80000,0x00000000e5880000)
 ParOldGen       total 84480K, used 20433K [0x00000000a0000000, 0x00000000a5280000, 0x00000000e0000000)
  object space 84480K, 24% used [0x00000000a0000000,0x00000000a13f4428,0x00000000a5280000)
 Metaspace       used 39869K, capacity 41582K, committed 41688K, reserved 1085440K
  class space    used 5694K, capacity 6050K, committed 6104K, reserved 1048576K
}
Event: 100.709 GC heap before
{Heap before GC invocations=17 (full 2):
 PSYoungGen      total 90624K, used 84288K [0x00000000e0000000, 0x00000000e6e00000, 0x0000000100000000)
  eden space 80384K, 100% used [0x00000000e0000000,0x00000000e4e80000,0x00000000e4e80000)
  from space 10240K, 38% used [0x00000000e5880000,0x00000000e5c50030,0x00000000e6280000)
  to   space 10240K, 0% used [0x00000000e4e80000,0x00000000e4e80000,0x00000000e5880000)
 ParOldGen       total 84480K, used 20433K [0x00000000a0000000, 0x00000000a5280000, 0x00000000e0000000)
  object space 84480K, 24% used [0x00000000a0000000,0x00000000a13f4428,0x00000000a5280000)
 Metaspace       used 40211K, capacity 42116K, committed 42328K, reserved 1085440K
  class space    used 5723K, capacity 6117K, committed 6232K, reserved 1048576K
Event: 100.746 GC heap after
Heap after GC invocations=17 (full 2):
 PSYoungGen      total 90624K, used 4256K [0x00000000e0000000, 0x00000000e8b00000, 0x0000000100000000)
  eden space 80384K, 0% used [0x00000000e0000000,0x00000000e0000000,0x00000000e4e80000)
  from space 10240K, 41% used [0x00000000e4e80000,0x00000000e52a8010,0x00000000e5880000)
  to   space 10240K, 0% used [0x00000000e8100000,0x00000000e8100000,0x00000000e8b00000)
 ParOldGen       total 84480K, used 23509K [0x00000000a0000000, 0x00000000a5280000, 0x00000000e0000000)
  object space 84480K, 27% used [0x00000000a0000000,0x00000000a16f5458,0x00000000a5280000)
 Metaspace       used 40211K, capacity 42116K, committed 42328K, reserved 1085440K
  class space    used 5723K, capacity 6117K, committed 6232K, reserved 1048576K
}

