# JRE version: OpenJDK Runtime Environment Temurin-17.0.4+8 (17.0.4+8) (build 17.0.4+8)
# Java VM: OpenJDK 64-Bit Server VM Temurin-17.0.4+8 (17.0.4+8, mixed mode, tiered, compressed oops, compressed class ptrs, parallel gc, windows-amd64)
GC Precious Log:
 CPUs: 4 total, 4 available
 Memory: 8181M
 Large Page Support: Disabled
 NUMA Support: Disabled
 Compressed Oops: Enabled (32-bit)
 Alignments: Space 512K, Generation 512K, Heap 2M
 Heap Min Capacity: 100M
 Heap Initial Capacity: 100M
 Heap Max Capacity: 1G
 Pre-touch: Disabled
 Parallel Workers: 4
Heap:
 PSYoungGen      total 24064K, used 19748K [0x00000000eab00000, 0x00000000ec580000, 0x0000000100000000)
  eden space 22016K, 82% used [0x00000000eab00000,0x00000000ebcbbc38,0x00000000ec080000)
  from space 2048K, 77% used [0x00000000ec200000,0x00000000ec38d7b8,0x00000000ec400000)
  to   space 1536K, 0% used [0x00000000ec400000,0x00000000ec400000,0x00000000ec580000)
 ParOldGen       total 68608K, used 18359K [0x00000000c0000000, 0x00000000c4300000, 0x00000000eab00000)
  object space 68608K, 26% used [0x00000000c0000000,0x00000000c11edee8,0x00000000c4300000)
 Metaspace       used 39535K, committed 40128K, reserved 1089536K
  class space    used 4019K, committed 4288K, reserved 1048576K
GC Heap History (20 events):
Event: 75.439 GC heap before
{Heap before GC invocations=5 (full 1):
 PSYoungGen      total 29696K, used 4070K [0x00000000eab00000, 0x00000000ecc00000, 0x0000000100000000)
  eden space 25600K, 0% used [0x00000000eab00000,0x00000000eab00000,0x00000000ec400000)
  from space 4096K, 99% used [0x00000000ec800000,0x00000000ecbf9838,0x00000000ecc00000)
  to   space 4096K, 0% used [0x00000000ec400000,0x00000000ec400000,0x00000000ec800000)
 ParOldGen       total 68608K, used 4648K [0x00000000c0000000, 0x00000000c4300000, 0x00000000eab00000)
  object space 68608K, 6% used [0x00000000c0000000,0x00000000c048a320,0x00000000c4300000)
 Metaspace       used 21119K, committed 21504K, reserved 1073152K
  class space    used 2136K, committed 2304K, reserved 1048576K
}
Event: 75.795 GC heap after
{Heap after GC invocations=5 (full 1):
 PSYoungGen      total 29696K, used 0K [0x00000000eab00000, 0x00000000ecc00000, 0x0000000100000000)
  eden space 25600K, 0% used [0x00000000eab00000,0x00000000eab00000,0x00000000ec400000)
  from space 4096K, 0% used [0x00000000ec800000,0x00000000ec800000,0x00000000ecc00000)
  to   space 4096K, 0% used [0x00000000ec400000,0x00000000ec400000,0x00000000ec800000)
 ParOldGen       total 68608K, used 8509K [0x00000000c0000000, 0x00000000c4300000, 0x00000000eab00000)
  object space 68608K, 12% used [0x00000000c0000000,0x00000000c084f638,0x00000000c4300000)
 Metaspace       used 21106K, committed 21504K, reserved 1073152K
  class space    used 2133K, committed 2304K, reserved 1048576K
}
Event: 84.346 GC heap before
{Heap before GC invocations=6 (full 1):
 PSYoungGen      total 29696K, used 25600K [0x00000000eab00000, 0x00000000ecc00000, 0x0000000100000000)
  eden space 25600K, 100% used [0x00000000eab00000,0x00000000ec400000,0x00000000ec400000)
  from space 4096K, 0% used [0x00000000ec800000,0x00000000ec800000,0x00000000ecc00000)
  to   space 4096K, 0% used [0x00000000ec400000,0x00000000ec400000,0x00000000ec800000)
 ParOldGen       total 68608K, used 8509K [0x00000000c0000000, 0x00000000c4300000, 0x00000000eab00000)
  object space 68608K, 12% used [0x00000000c0000000,0x00000000c084f638,0x00000000c4300000)
 Metaspace       used 24673K, committed 25152K, reserved 1073152K
  class space    used 2403K, committed 2624K, reserved 1048576K
}
Event: 84.348 GC heap after
{Heap after GC invocations=6 (full 1):
 PSYoungGen      total 25600K, used 502K [0x00000000eab00000, 0x00000000ec980000, 0x0000000100000000)
  eden space 25088K, 0% used [0x00000000eab00000,0x00000000eab00000,0x00000000ec380000)
  from space 512K, 98% used [0x00000000ec400000,0x00000000ec47d868,0x00000000ec480000)
  to   space 3072K, 0% used [0x00000000ec680000,0x00000000ec680000,0x00000000ec980000)
 ParOldGen       total 68608K, used 8517K [0x00000000c0000000, 0x00000000c4300000, 0x00000000eab00000)
  object space 68608K, 12% used [0x00000000c0000000,0x00000000c0851638,0x00000000c4300000)
 Metaspace       used 24673K, committed 25152K, reserved 1073152K
  class space    used 2403K, committed 2624K, reserved 1048576K
}
Event: 88.843 GC heap before
{Heap before GC invocations=7 (full 1):
 PSYoungGen      total 25600K, used 25590K [0x00000000eab00000, 0x00000000ec980000, 0x0000000100000000)
  eden space 25088K, 100% used [0x00000000eab00000,0x00000000ec380000,0x00000000ec380000)
  from space 512K, 98% used [0x00000000ec400000,0x00000000ec47d868,0x00000000ec480000)
  to   space 3072K, 0% used [0x00000000ec680000,0x00000000ec680000,0x00000000ec980000)
 ParOldGen       total 68608K, used 8517K [0x00000000c0000000, 0x00000000c4300000, 0x00000000eab00000)
  object space 68608K, 12% used [0x00000000c0000000,0x00000000c0851638,0x00000000c4300000)
 Metaspace       used 27311K, committed 27776K, reserved 1081344K
  class space    used 2616K, committed 2816K, reserved 1048576K
}
Event: 88.846 GC heap after
{Heap after GC invocations=7 (full 1):
 PSYoungGen      total 25600K, used 763K [0x00000000eab00000, 0x00000000ec780000, 0x0000000100000000)
  eden space 24576K, 0% used [0x00000000eab00000,0x00000000eab00000,0x00000000ec300000)
  from space 1024K, 74% used [0x00000000ec680000,0x00000000ec73ef38,0x00000000ec780000)
  to   space 1024K, 0% used [0x00000000ec580000,0x00000000ec580000,0x00000000ec680000)
 ParOldGen       total 68608K, used 8525K [0x00000000c0000000, 0x00000000c4300000, 0x00000000eab00000)
  object space 68608K, 12% used [0x00000000c0000000,0x00000000c0853638,0x00000000c4300000)
 Metaspace       used 27311K, committed 27776K, reserved 1081344K
  class space    used 2616K, committed 2816K, reserved 1048576K
}
Event: 168.519 GC heap before
{Heap before GC invocations=8 (full 1):
 PSYoungGen      total 25600K, used 25339K [0x00000000eab00000, 0x00000000ec780000, 0x0000000100000000)
  eden space 24576K, 100% used [0x00000000eab00000,0x00000000ec300000,0x00000000ec300000)
  from space 1024K, 74% used [0x00000000ec680000,0x00000000ec73ef38,0x00000000ec780000)
  to   space 1024K, 0% used [0x00000000ec580000,0x00000000ec580000,0x00000000ec680000)
 ParOldGen       total 68608K, used 8525K [0x00000000c0000000, 0x00000000c4300000, 0x00000000eab00000)
  object space 68608K, 12% used [0x00000000c0000000,0x00000000c0853638,0x00000000c4300000)
 Metaspace       used 31987K, committed 32576K, reserved 1081344K
  class space    used 3188K, committed 3392K, reserved 1048576K
}
Event: 168.524 GC heap after
{Heap after GC invocations=8 (full 1):
 PSYoungGen      total 25088K, used 1019K [0x00000000eab00000, 0x00000000ec700000, 0x0000000100000000)
  eden space 24064K, 0% used [0x00000000eab00000,0x00000000eab00000,0x00000000ec280000)
  from space 1024K, 99% used [0x00000000ec580000,0x00000000ec67ef38,0x00000000ec680000)
  to   space 512K, 0% used [0x00000000ec680000,0x00000000ec680000,0x00000000ec700000)
 ParOldGen       total 68608K, used 9317K [0x00000000c0000000, 0x00000000c4300000, 0x00000000eab00000)
  object space 68608K, 13% used [0x00000000c0000000,0x00000000c0919688,0x00000000c4300000)
 Metaspace       used 31987K, committed 32576K, reserved 1081344K
  class space    used 3188K, committed 3392K, reserved 1048576K
}
Event: 194.234 GC heap before
{Heap before GC invocations=9 (full 1):
 PSYoungGen      total 25088K, used 25004K [0x00000000eab00000, 0x00000000ec700000, 0x0000000100000000)
  eden space 24064K, 99% used [0x00000000eab00000,0x00000000ec26c340,0x00000000ec280000)
  from space 1024K, 99% used [0x00000000ec580000,0x00000000ec67ef38,0x00000000ec680000)
  to   space 512K, 0% used [0x00000000ec680000,0x00000000ec680000,0x00000000ec700000)
 ParOldGen       total 68608K, used 9317K [0x00000000c0000000, 0x00000000c4300000, 0x00000000eab00000)
  object space 68608K, 13% used [0x00000000c0000000,0x00000000c0919688,0x00000000c4300000)
 Metaspace       used 35124K, committed 35712K, reserved 1081344K
  class space    used 3539K, committed 3840K, reserved 1048576K
}
Event: 194.239 GC heap after
{Heap after GC invocations=9 (full 1):
 PSYoungGen      total 24064K, used 512K [0x00000000eab00000, 0x00000000ec700000, 0x0000000100000000)
  eden space 23552K, 0% used [0x00000000eab00000,0x00000000eab00000,0x00000000ec200000)
  from space 512K, 100% used [0x00000000ec680000,0x00000000ec700000,0x00000000ec700000)
  to   space 2048K, 0% used [0x00000000ec300000,0x00000000ec300000,0x00000000ec500000)
 ParOldGen       total 68608K, used 10732K [0x00000000c0000000, 0x00000000c4300000, 0x00000000eab00000)
  object space 68608K, 15% used [0x00000000c0000000,0x00000000c0a7b058,0x00000000c4300000)
 Metaspace       used 35124K, committed 35712K, reserved 1081344K
  class space    used 3539K, committed 3840K, reserved 1048576K
}
Event: 194.745 GC heap before
{Heap before GC invocations=10 (full 1):
 PSYoungGen      total 24064K, used 2765K [0x00000000eab00000, 0x00000000ec700000, 0x0000000100000000)
  eden space 23552K, 9% used [0x00000000eab00000,0x00000000ead33570,0x00000000ec200000)
  from space 512K, 100% used [0x00000000ec680000,0x00000000ec700000,0x00000000ec700000)
  to   space 2048K, 0% used [0x00000000ec300000,0x00000000ec300000,0x00000000ec500000)
 ParOldGen       total 68608K, used 10732K [0x00000000c0000000, 0x00000000c4300000, 0x00000000eab00000)
  object space 68608K, 15% used [0x00000000c0000000,0x00000000c0a7b058,0x00000000c4300000)
 Metaspace       used 35314K, committed 35840K, reserved 1081344K
  class space    used 3570K, committed 3840K, reserved 1048576K
}
Event: 194.747 GC heap after
{Heap after GC invocations=10 (full 1):
 PSYoungGen      total 25600K, used 448K [0x00000000eab00000, 0x00000000ec700000, 0x0000000100000000)
  eden space 23552K, 0% used [0x00000000eab00000,0x00000000eab00000,0x00000000ec200000)
  from space 2048K, 21% used [0x00000000ec300000,0x00000000ec370000,0x00000000ec500000)
  to   space 1024K, 0% used [0x00000000ec600000,0x00000000ec600000,0x00000000ec700000)
 ParOldGen       total 68608K, used 10907K [0x00000000c0000000, 0x00000000c4300000, 0x00000000eab00000)
  object space 68608K, 15% used [0x00000000c0000000,0x00000000c0aa6fc0,0x00000000c4300000)
 Metaspace       used 35314K, committed 35840K, reserved 1081344K
  class space    used 3570K, committed 3840K, reserved 1048576K
}
Event: 194.747 GC heap before
{Heap before GC invocations=11 (full 2):
 PSYoungGen      total 25600K, used 448K [0x00000000eab00000, 0x00000000ec700000, 0x0000000100000000)
  eden space 23552K, 0% used [0x00000000eab00000,0x00000000eab00000,0x00000000ec200000)
  from space 2048K, 21% used [0x00000000ec300000,0x00000000ec370000,0x00000000ec500000)
  to   space 1024K, 0% used [0x00000000ec600000,0x00000000ec600000,0x00000000ec700000)
 ParOldGen       total 68608K, used 10907K [0x00000000c0000000, 0x00000000c4300000, 0x00000000eab00000)
  object space 68608K, 15% used [0x00000000c0000000,0x00000000c0aa6fc0,0x00000000c4300000)
 Metaspace       used 35314K, committed 35840K, reserved 1081344K
  class space    used 3570K, committed 3840K, reserved 1048576K
}
Event: 194.799 GC heap after
{Heap after GC invocations=11 (full 2):
 PSYoungGen      total 25600K, used 0K [0x00000000eab00000, 0x00000000ec700000, 0x0000000100000000)
  eden space 23552K, 0% used [0x00000000eab00000,0x00000000eab00000,0x00000000ec200000)
  from space 2048K, 0% used [0x00000000ec300000,0x00000000ec300000,0x00000000ec500000)
  to   space 1024K, 0% used [0x00000000ec600000,0x00000000ec600000,0x00000000ec700000)
 ParOldGen       total 68608K, used 11088K [0x00000000c0000000, 0x00000000c4300000, 0x00000000eab00000)
  object space 68608K, 16% used [0x00000000c0000000,0x00000000c0ad4018,0x00000000c4300000)
 Metaspace       used 35314K, committed 35840K, reserved 1081344K
  class space    used 3570K, committed 3840K, reserved 1048576K
}
Event: 195.758 GC heap before
{Heap before GC invocations=12 (full 2):
 PSYoungGen      total 25600K, used 23552K [0x00000000eab00000, 0x00000000ec700000, 0x0000000100000000)
  eden space 23552K, 100% used [0x00000000eab00000,0x00000000ec200000,0x00000000ec200000)
  from space 2048K, 0% used [0x00000000ec300000,0x00000000ec300000,0x00000000ec500000)
  to   space 1024K, 0% used [0x00000000ec600000,0x00000000ec600000,0x00000000ec700000)
 ParOldGen       total 68608K, used 11088K [0x00000000c0000000, 0x00000000c4300000, 0x00000000eab00000)
  object space 68608K, 16% used [0x00000000c0000000,0x00000000c0ad4018,0x00000000c4300000)
 Metaspace       used 35854K, committed 36480K, reserved 1081344K
  class space    used 3618K, committed 3904K, reserved 1048576K
}
Event: 195.763 GC heap after
{Heap after GC invocations=12 (full 2):
 PSYoungGen      total 24064K, used 1008K [0x00000000eab00000, 0x00000000ec880000, 0x0000000100000000)
  eden space 23040K, 0% used [0x00000000eab00000,0x00000000eab00000,0x00000000ec180000)
  from space 1024K, 98% used [0x00000000ec600000,0x00000000ec6fc258,0x00000000ec700000)
  to   space 3584K, 0% used [0x00000000ec180000,0x00000000ec180000,0x00000000ec500000)
 ParOldGen       total 68608K, used 13082K [0x00000000c0000000, 0x00000000c4300000, 0x00000000eab00000)
  object space 68608K, 19% used [0x00000000c0000000,0x00000000c0cc68d8,0x00000000c4300000)
 Metaspace       used 35854K, committed 36480K, reserved 1081344K
  class space    used 3618K, committed 3904K, reserved 1048576K
}
Event: 196.907 GC heap before
{Heap before GC invocations=13 (full 2):
 PSYoungGen      total 24064K, used 24048K [0x00000000eab00000, 0x00000000ec880000, 0x0000000100000000)
  eden space 23040K, 100% used [0x00000000eab00000,0x00000000ec180000,0x00000000ec180000)
  from space 1024K, 98% used [0x00000000ec600000,0x00000000ec6fc258,0x00000000ec700000)
  to   space 3584K, 0% used [0x00000000ec180000,0x00000000ec180000,0x00000000ec500000)
 ParOldGen       total 68608K, used 13082K [0x00000000c0000000, 0x00000000c4300000, 0x00000000eab00000)
  object space 68608K, 19% used [0x00000000c0000000,0x00000000c0cc68d8,0x00000000c4300000)
 Metaspace       used 36085K, committed 36736K, reserved 1089536K
  class space    used 3643K, committed 3968K, reserved 1048576K
}
Event: 196.913 GC heap after
{Heap after GC invocations=13 (full 2):
 PSYoungGen      total 26112K, used 3370K [0x00000000eab00000, 0x00000000ec800000, 0x0000000100000000)
  eden space 22528K, 0% used [0x00000000eab00000,0x00000000eab00000,0x00000000ec100000)
  from space 3584K, 94% used [0x00000000ec180000,0x00000000ec4ca8f8,0x00000000ec500000)
  to   space 3072K, 0% used [0x00000000ec500000,0x00000000ec500000,0x00000000ec800000)
 ParOldGen       total 68608K, used 13504K [0x00000000c0000000, 0x00000000c4300000, 0x00000000eab00000)
  object space 68608K, 19% used [0x00000000c0000000,0x00000000c0d30158,0x00000000c4300000)
 Metaspace       used 36085K, committed 36736K, reserved 1089536K
  class space    used 3643K, committed 3968K, reserved 1048576K
}
Event: 382.978 GC heap before
{Heap before GC invocations=14 (full 2):
 PSYoungGen      total 26112K, used 25898K [0x00000000eab00000, 0x00000000ec800000, 0x0000000100000000)
  eden space 22528K, 100% used [0x00000000eab00000,0x00000000ec100000,0x00000000ec100000)
  from space 3584K, 94% used [0x00000000ec180000,0x00000000ec4ca8f8,0x00000000ec500000)
  to   space 3072K, 0% used [0x00000000ec500000,0x00000000ec500000,0x00000000ec800000)
 ParOldGen       total 68608K, used 13504K [0x00000000c0000000, 0x00000000c4300000, 0x00000000eab00000)
  object space 68608K, 19% used [0x00000000c0000000,0x00000000c0d30158,0x00000000c4300000)
 Metaspace       used 38116K, committed 38720K, reserved 1089536K
  class space    used 3862K, committed 4160K, reserved 1048576K
}
Event: 382.985 GC heap after
{Heap after GC invocations=14 (full 2):
 PSYoungGen      total 24064K, used 1686K [0x00000000eab00000, 0x00000000ec700000, 0x0000000100000000)
  eden space 22016K, 0% used [0x00000000eab00000,0x00000000eab00000,0x00000000ec080000)
  from space 2048K, 82% used [0x00000000ec500000,0x00000000ec6a5ba8,0x00000000ec700000)
  to   space 2560K, 0% used [0x00000000ec200000,0x00000000ec200000,0x00000000ec480000)
 ParOldGen       total 68608K, used 16712K [0x00000000c0000000, 0x00000000c4300000, 0x00000000eab00000)
  object space 68608K, 24% used [0x00000000c0000000,0x00000000c10521f8,0x00000000c4300000)
 Metaspace       used 38116K, committed 38720K, reserved 1089536K
  class space    used 3862K, committed 4160K, reserved 1048576K
}

