# JRE version: OpenJDK Runtime Environment Temurin-17.0.4+8 (17.0.4+8) (build 17.0.4+8)
# Java VM: OpenJDK 64-Bit Server VM Temurin-17.0.4+8 (17.0.4+8, mixed mode, tiered, compressed oops, compressed class ptrs, parallel gc, windows-amd64)
GC Precious Log:
 CPUs: 4 total, 4 available
 Memory: 8181M
 Large Page Support: Disabled
 NUMA Support: Disabled
 Compressed Oops: Enabled (32-bit)
 Alignments: Space 512K, Generation 512K, Heap 2M
 Heap Min Capacity: 100M
 Heap Initial Capacity: 100M
 Heap Max Capacity: 1G
 Pre-touch: Disabled
 Parallel Workers: 4
Heap:
 PSYoungGen      total 12800K, used 7778K [0x00000000eab00000, 0x00000000ebe80000, 0x0000000100000000)
  eden space 9728K, 52% used [0x00000000eab00000,0x00000000eaff98e8,0x00000000eb480000)
  from space 3072K, 87% used [0x00000000eb500000,0x00000000eb79ef98,0x00000000eb800000)
  to   space 5120K, 0% used [0x00000000eb980000,0x00000000eb980000,0x00000000ebe80000)
 ParOldGen       total 179200K, used 161770K [0x00000000c0000000, 0x00000000caf00000, 0x00000000eab00000)
  object space 179200K, 90% used [0x00000000c0000000,0x00000000c9dfabd0,0x00000000caf00000)
 Metaspace       used 65183K, committed 65920K, reserved 1114112K
  class space    used 7894K, committed 8192K, reserved 1048576K
GC Heap History (20 events):
Event: 362.496 GC heap before
{Heap before GC invocations=79 (full 6):
 PSYoungGen      total 11264K, used 9728K [0x00000000eab00000, 0x00000000eb780000, 0x0000000100000000)
  eden space 9728K, 100% used [0x00000000eab00000,0x00000000eb480000,0x00000000eb480000)
  from space 1536K, 0% used [0x00000000eb480000,0x00000000eb480000,0x00000000eb600000)
  to   space 1536K, 0% used [0x00000000eb600000,0x00000000eb600000,0x00000000eb780000)
 ParOldGen       total 146432K, used 120787K [0x00000000c0000000, 0x00000000c8f00000, 0x00000000eab00000)
  object space 146432K, 82% used [0x00000000c0000000,0x00000000c75f4e18,0x00000000c8f00000)
 Metaspace       used 65156K, committed 65920K, reserved 1114112K
  class space    used 7894K, committed 8192K, reserved 1048576K
}
Event: 362.499 GC heap after
{Heap after GC invocations=79 (full 6):
 PSYoungGen      total 11264K, used 1184K [0x00000000eab00000, 0x00000000eb780000, 0x0000000100000000)
  eden space 9728K, 0% used [0x00000000eab00000,0x00000000eab00000,0x00000000eb480000)
  from space 1536K, 77% used [0x00000000eb600000,0x00000000eb728000,0x00000000eb780000)
  to   space 1536K, 0% used [0x00000000eb480000,0x00000000eb480000,0x00000000eb600000)
 ParOldGen       total 146432K, used 120787K [0x00000000c0000000, 0x00000000c8f00000, 0x00000000eab00000)
  object space 146432K, 82% used [0x00000000c0000000,0x00000000c75f4e18,0x00000000c8f00000)
 Metaspace       used 65156K, committed 65920K, reserved 1114112K
  class space    used 7894K, committed 8192K, reserved 1048576K
}
Event: 362.547 GC heap before
{Heap before GC invocations=80 (full 6):
 PSYoungGen      total 11264K, used 10912K [0x00000000eab00000, 0x00000000eb780000, 0x0000000100000000)
  eden space 9728K, 100% used [0x00000000eab00000,0x00000000eb480000,0x00000000eb480000)
  from space 1536K, 77% used [0x00000000eb600000,0x00000000eb728000,0x00000000eb780000)
  to   space 1536K, 0% used [0x00000000eb480000,0x00000000eb480000,0x00000000eb600000)
 ParOldGen       total 146432K, used 120787K [0x00000000c0000000, 0x00000000c8f00000, 0x00000000eab00000)
  object space 146432K, 82% used [0x00000000c0000000,0x00000000c75f4e18,0x00000000c8f00000)
 Metaspace       used 65156K, committed 65920K, reserved 1114112K
  class space    used 7894K, committed 8192K, reserved 1048576K
}
Event: 362.551 GC heap after
{Heap after GC invocations=80 (full 6):
 PSYoungGen      total 11264K, used 1280K [0x00000000eab00000, 0x00000000eb780000, 0x0000000100000000)
  eden space 9728K, 0% used [0x00000000eab00000,0x00000000eab00000,0x00000000eb480000)
  from space 1536K, 83% used [0x00000000eb480000,0x00000000eb5c0000,0x00000000eb600000)
  to   space 1536K, 0% used [0x00000000eb600000,0x00000000eb600000,0x00000000eb780000)
 ParOldGen       total 146432K, used 121952K [0x00000000c0000000, 0x00000000c8f00000, 0x00000000eab00000)
  object space 146432K, 83% used [0x00000000c0000000,0x00000000c7718020,0x00000000c8f00000)
 Metaspace       used 65156K, committed 65920K, reserved 1114112K
  class space    used 7894K, committed 8192K, reserved 1048576K
}
Event: 376.315 GC heap before
{Heap before GC invocations=81 (full 6):
 PSYoungGen      total 11264K, used 11008K [0x00000000eab00000, 0x00000000eb780000, 0x0000000100000000)
  eden space 9728K, 100% used [0x00000000eab00000,0x00000000eb480000,0x00000000eb480000)
  from space 1536K, 83% used [0x00000000eb480000,0x00000000eb5c0000,0x00000000eb600000)
  to   space 1536K, 0% used [0x00000000eb600000,0x00000000eb600000,0x00000000eb780000)
 ParOldGen       total 146432K, used 121952K [0x00000000c0000000, 0x00000000c8f00000, 0x00000000eab00000)
  object space 146432K, 83% used [0x00000000c0000000,0x00000000c7718020,0x00000000c8f00000)
 Metaspace       used 65178K, committed 65920K, reserved 1114112K
  class space    used 7894K, committed 8192K, reserved 1048576K
}
Event: 376.322 GC heap after
{Heap after GC invocations=81 (full 6):
 PSYoungGen      total 11264K, used 1505K [0x00000000eab00000, 0x00000000eb780000, 0x0000000100000000)
  eden space 9728K, 0% used [0x00000000eab00000,0x00000000eab00000,0x00000000eb480000)
  from space 1536K, 97% used [0x00000000eb600000,0x00000000eb778410,0x00000000eb780000)
  to   space 1536K, 0% used [0x00000000eb480000,0x00000000eb480000,0x00000000eb600000)
 ParOldGen       total 146432K, used 124325K [0x00000000c0000000, 0x00000000c8f00000, 0x00000000eab00000)
  object space 146432K, 84% used [0x00000000c0000000,0x00000000c7969770,0x00000000c8f00000)
 Metaspace       used 65178K, committed 65920K, reserved 1114112K
  class space    used 7894K, committed 8192K, reserved 1048576K
}
Event: 376.686 GC heap before
{Heap before GC invocations=82 (full 6):
 PSYoungGen      total 11264K, used 11233K [0x00000000eab00000, 0x00000000eb780000, 0x0000000100000000)
  eden space 9728K, 100% used [0x00000000eab00000,0x00000000eb480000,0x00000000eb480000)
  from space 1536K, 97% used [0x00000000eb600000,0x00000000eb778410,0x00000000eb780000)
  to   space 1536K, 0% used [0x00000000eb480000,0x00000000eb480000,0x00000000eb600000)
 ParOldGen       total 146432K, used 124325K [0x00000000c0000000, 0x00000000c8f00000, 0x00000000eab00000)
  object space 146432K, 84% used [0x00000000c0000000,0x00000000c7969770,0x00000000c8f00000)
 Metaspace       used 65178K, committed 65920K, reserved 1114112K
  class space    used 7894K, committed 8192K, reserved 1048576K
}
Event: 376.697 GC heap after
{Heap after GC invocations=82 (full 6):
 PSYoungGen      total 11264K, used 1533K [0x00000000eab00000, 0x00000000ec880000, 0x0000000100000000)
  eden space 9728K, 0% used [0x00000000eab00000,0x00000000eab00000,0x00000000eb480000)
  from space 1536K, 99% used [0x00000000eb480000,0x00000000eb5ff6e0,0x00000000eb600000)
  to   space 10240K, 0% used [0x00000000ebe80000,0x00000000ebe80000,0x00000000ec880000)
 ParOldGen       total 146432K, used 131735K [0x00000000c0000000, 0x00000000c8f00000, 0x00000000eab00000)
  object space 146432K, 89% used [0x00000000c0000000,0x00000000c80a5c90,0x00000000c8f00000)
 Metaspace       used 65178K, committed 65920K, reserved 1114112K
  class space    used 7894K, committed 8192K, reserved 1048576K
}
Event: 376.958 GC heap before
{Heap before GC invocations=83 (full 6):
 PSYoungGen      total 11264K, used 11261K [0x00000000eab00000, 0x00000000ec880000, 0x0000000100000000)
  eden space 9728K, 100% used [0x00000000eab00000,0x00000000eb480000,0x00000000eb480000)
  from space 1536K, 99% used [0x00000000eb480000,0x00000000eb5ff6e0,0x00000000eb600000)
  to   space 10240K, 0% used [0x00000000ebe80000,0x00000000ebe80000,0x00000000ec880000)
 ParOldGen       total 146432K, used 131735K [0x00000000c0000000, 0x00000000c8f00000, 0x00000000eab00000)
  object space 146432K, 89% used [0x00000000c0000000,0x00000000c80a5c90,0x00000000c8f00000)
 Metaspace       used 65178K, committed 65920K, reserved 1114112K
  class space    used 7894K, committed 8192K, reserved 1048576K
}
Event: 376.969 GC heap after
{Heap after GC invocations=83 (full 6):
 PSYoungGen      total 19968K, used 9717K [0x00000000eab00000, 0x00000000ec880000, 0x0000000100000000)
  eden space 9728K, 0% used [0x00000000eab00000,0x00000000eab00000,0x00000000eb480000)
  from space 10240K, 94% used [0x00000000ebe80000,0x00000000ec7fd490,0x00000000ec880000)
  to   space 10240K, 0% used [0x00000000eb480000,0x00000000eb480000,0x00000000ebe80000)
 ParOldGen       total 146432K, used 132740K [0x00000000c0000000, 0x00000000c8f00000, 0x00000000eab00000)
  object space 146432K, 90% used [0x00000000c0000000,0x00000000c81a10b0,0x00000000c8f00000)
 Metaspace       used 65178K, committed 65920K, reserved 1114112K
  class space    used 7894K, committed 8192K, reserved 1048576K
}
Event: 377.253 GC heap before
{Heap before GC invocations=84 (full 6):
 PSYoungGen      total 19968K, used 19445K [0x00000000eab00000, 0x00000000ec880000, 0x0000000100000000)
  eden space 9728K, 100% used [0x00000000eab00000,0x00000000eb480000,0x00000000eb480000)
  from space 10240K, 94% used [0x00000000ebe80000,0x00000000ec7fd490,0x00000000ec880000)
  to   space 10240K, 0% used [0x00000000eb480000,0x00000000eb480000,0x00000000ebe80000)
 ParOldGen       total 146432K, used 132740K [0x00000000c0000000, 0x00000000c8f00000, 0x00000000eab00000)
  object space 146432K, 90% used [0x00000000c0000000,0x00000000c81a10b0,0x00000000c8f00000)
 Metaspace       used 65178K, committed 65920K, reserved 1114112K
  class space    used 7894K, committed 8192K, reserved 1048576K
}
Event: 377.275 GC heap after
{Heap after GC invocations=84 (full 6):
 PSYoungGen      total 19456K, used 9609K [0x00000000eab00000, 0x00000000ec780000, 0x0000000100000000)
  eden space 9728K, 0% used [0x00000000eab00000,0x00000000eab00000,0x00000000eb480000)
  from space 9728K, 98% used [0x00000000eb480000,0x00000000ebde2580,0x00000000ebe00000)
  to   space 9728K, 0% used [0x00000000ebe00000,0x00000000ebe00000,0x00000000ec780000)
 ParOldGen       total 146432K, used 141253K [0x00000000c0000000, 0x00000000c8f00000, 0x00000000eab00000)
  object space 146432K, 96% used [0x00000000c0000000,0x00000000c89f1790,0x00000000c8f00000)
 Metaspace       used 65178K, committed 65920K, reserved 1114112K
  class space    used 7894K, committed 8192K, reserved 1048576K
}
Event: 377.275 GC heap before
{Heap before GC invocations=85 (full 7):
 PSYoungGen      total 19456K, used 9609K [0x00000000eab00000, 0x00000000ec780000, 0x0000000100000000)
  eden space 9728K, 0% used [0x00000000eab00000,0x00000000eab00000,0x00000000eb480000)
  from space 9728K, 98% used [0x00000000eb480000,0x00000000ebde2580,0x00000000ebe00000)
  to   space 9728K, 0% used [0x00000000ebe00000,0x00000000ebe00000,0x00000000ec780000)
 ParOldGen       total 146432K, used 141253K [0x00000000c0000000, 0x00000000c8f00000, 0x00000000eab00000)
  object space 146432K, 96% used [0x00000000c0000000,0x00000000c89f1790,0x00000000c8f00000)
 Metaspace       used 65178K, committed 65920K, reserved 1114112K
  class space    used 7894K, committed 8192K, reserved 1048576K
}
Event: 377.515 GC heap after
{Heap after GC invocations=85 (full 7):
 PSYoungGen      total 19456K, used 0K [0x00000000eab00000, 0x00000000ec780000, 0x0000000100000000)
  eden space 9728K, 0% used [0x00000000eab00000,0x00000000eab00000,0x00000000eb480000)
  from space 9728K, 0% used [0x00000000ebe00000,0x00000000ebe00000,0x00000000ec780000)
  to   space 9728K, 0% used [0x00000000eb480000,0x00000000eb480000,0x00000000ebe00000)
 ParOldGen       total 179200K, used 145490K [0x00000000c0000000, 0x00000000caf00000, 0x00000000eab00000)
  object space 179200K, 81% used [0x00000000c0000000,0x00000000c8e14a70,0x00000000caf00000)
 Metaspace       used 65178K, committed 65920K, reserved 1114112K
  class space    used 7894K, committed 8192K, reserved 1048576K
}
Event: 378.496 GC heap before
{Heap before GC invocations=86 (full 7):
 PSYoungGen      total 19456K, used 9728K [0x00000000eab00000, 0x00000000ec780000, 0x0000000100000000)
  eden space 9728K, 100% used [0x00000000eab00000,0x00000000eb480000,0x00000000eb480000)
  from space 9728K, 0% used [0x00000000ebe00000,0x00000000ebe00000,0x00000000ec780000)
  to   space 9728K, 0% used [0x00000000eb480000,0x00000000eb480000,0x00000000ebe00000)
 ParOldGen       total 179200K, used 145490K [0x00000000c0000000, 0x00000000caf00000, 0x00000000eab00000)
  object space 179200K, 81% used [0x00000000c0000000,0x00000000c8e14a70,0x00000000caf00000)
 Metaspace       used 65178K, committed 65920K, reserved 1114112K
  class space    used 7894K, committed 8192K, reserved 1048576K
}
Event: 378.506 GC heap after
{Heap after GC invocations=86 (full 7):
 PSYoungGen      total 19456K, used 9647K [0x00000000eab00000, 0x00000000ec780000, 0x0000000100000000)
  eden space 9728K, 0% used [0x00000000eab00000,0x00000000eab00000,0x00000000eb480000)
  from space 9728K, 99% used [0x00000000eb480000,0x00000000ebdebeb8,0x00000000ebe00000)
  to   space 9728K, 0% used [0x00000000ebe00000,0x00000000ebe00000,0x00000000ec780000)
 ParOldGen       total 179200K, used 145490K [0x00000000c0000000, 0x00000000caf00000, 0x00000000eab00000)
  object space 179200K, 81% used [0x00000000c0000000,0x00000000c8e14a70,0x00000000caf00000)
 Metaspace       used 65178K, committed 65920K, reserved 1114112K
  class space    used 7894K, committed 8192K, reserved 1048576K
}
Event: 379.785 GC heap before
{Heap before GC invocations=87 (full 7):
 PSYoungGen      total 19456K, used 19375K [0x00000000eab00000, 0x00000000ec780000, 0x0000000100000000)
  eden space 9728K, 100% used [0x00000000eab00000,0x00000000eb480000,0x00000000eb480000)
  from space 9728K, 99% used [0x00000000eb480000,0x00000000ebdebeb8,0x00000000ebe00000)
  to   space 9728K, 0% used [0x00000000ebe00000,0x00000000ebe00000,0x00000000ec780000)
 ParOldGen       total 179200K, used 145490K [0x00000000c0000000, 0x00000000caf00000, 0x00000000eab00000)
  object space 179200K, 81% used [0x00000000c0000000,0x00000000c8e14a70,0x00000000caf00000)
 Metaspace       used 65183K, committed 65920K, reserved 1114112K
  class space    used 7894K, committed 8192K, reserved 1048576K
}
Event: 379.805 GC heap after
{Heap after GC invocations=87 (full 7):
 PSYoungGen      total 17920K, used 7710K [0x00000000eab00000, 0x00000000ec600000, 0x0000000100000000)
  eden space 9728K, 0% used [0x00000000eab00000,0x00000000eab00000,0x00000000eb480000)
  from space 8192K, 94% used [0x00000000ebe00000,0x00000000ec587990,0x00000000ec600000)
  to   space 8704K, 0% used [0x00000000eb500000,0x00000000eb500000,0x00000000ebd80000)
 ParOldGen       total 179200K, used 154371K [0x00000000c0000000, 0x00000000caf00000, 0x00000000eab00000)
  object space 179200K, 86% used [0x00000000c0000000,0x00000000c96c0e08,0x00000000caf00000)
 Metaspace       used 65183K, committed 65920K, reserved 1114112K
  class space    used 7894K, committed 8192K, reserved 1048576K
}
Event: 383.914 GC heap before
{Heap before GC invocations=88 (full 7):
 PSYoungGen      total 17920K, used 17438K [0x00000000eab00000, 0x00000000ec600000, 0x0000000100000000)
  eden space 9728K, 100% used [0x00000000eab00000,0x00000000eb480000,0x00000000eb480000)
  from space 8192K, 94% used [0x00000000ebe00000,0x00000000ec587990,0x00000000ec600000)
  to   space 8704K, 0% used [0x00000000eb500000,0x00000000eb500000,0x00000000ebd80000)
 ParOldGen       total 179200K, used 154371K [0x00000000c0000000, 0x00000000caf00000, 0x00000000eab00000)
  object space 179200K, 86% used [0x00000000c0000000,0x00000000c96c0e08,0x00000000caf00000)
 Metaspace       used 65183K, committed 65920K, reserved 1114112K
  class space    used 7894K, committed 8192K, reserved 1048576K
}
Event: 383.930 GC heap after
{Heap after GC invocations=88 (full 7):
 PSYoungGen      total 12800K, used 2683K [0x00000000eab00000, 0x00000000ebe80000, 0x0000000100000000)
  eden space 9728K, 0% used [0x00000000eab00000,0x00000000eab00000,0x00000000eb480000)
  from space 3072K, 87% used [0x00000000eb500000,0x00000000eb79ef98,0x00000000eb800000)
  to   space 5120K, 0% used [0x00000000eb980000,0x00000000eb980000,0x00000000ebe80000)
 ParOldGen       total 179200K, used 161770K [0x00000000c0000000, 0x00000000caf00000, 0x00000000eab00000)
  object space 179200K, 90% used [0x00000000c0000000,0x00000000c9dfabd0,0x00000000caf00000)
 Metaspace       used 65183K, committed 65920K, reserved 1114112K
  class space    used 7894K, committed 8192K, reserved 1048576K
}

