# JRE version: OpenJDK Runtime Environment (11.0.13) (build 11.0.13+0-b1751.21-8125866)
# Java VM: OpenJDK 64-Bit Server VM (11.0.13+0-b1751.21-8125866, mixed mode, tiered, compressed oops, g1 gc, windows-amd64)
Heap:
 garbage-first heap   total 131072K, used 89801K [0x00000000a0000000, 0x0000000100000000)
  region size 1024K, 53 young (54272K), 4 survivors (4096K)
 Metaspace       used 64311K, capacity 65797K, committed 66056K, reserved 1107968K
  class space    used 7891K, capacity 8429K, committed 8448K, reserved 1048576K
GC Heap History (20 events):
Event: 40.238 GC heap before
{Heap before GC invocations=5 (full 0):
 garbage-first heap   total 131072K, used 69155K [0x00000000a0000000, 0x0000000100000000)
  region size 1024K, 53 young (54272K), 2 survivors (2048K)
 Metaspace       used 26148K, capacity 26757K, committed 26800K, reserved 1073152K
  class space    used 3349K, capacity 3567K, committed 3584K, reserved 1048576K
}
Event: 40.246 GC heap after
{Heap after GC invocations=6 (full 0):
 garbage-first heap   total 131072K, used 18926K [0x00000000a0000000, 0x0000000100000000)
  region size 1024K, 4 young (4096K), 4 survivors (4096K)
 Metaspace       used 26148K, capacity 26757K, committed 26800K, reserved 1073152K
  class space    used 3349K, capacity 3567K, committed 3584K, reserved 1048576K
}
Event: 43.642 GC heap before
{Heap before GC invocations=6 (full 0):
 garbage-first heap   total 131072K, used 75246K [0x00000000a0000000, 0x0000000100000000)
  region size 1024K, 59 young (60416K), 4 survivors (4096K)
 Metaspace       used 31417K, capacity 32126K, committed 32304K, reserved 1077248K
  class space    used 4132K, capacity 4402K, committed 4480K, reserved 1048576K
}
Event: 43.651 GC heap after
{Heap after GC invocations=7 (full 0):
 garbage-first heap   total 131072K, used 20184K [0x00000000a0000000, 0x0000000100000000)
  region size 1024K, 5 young (5120K), 5 survivors (5120K)
 Metaspace       used 31417K, capacity 32126K, committed 32304K, reserved 1077248K
  class space    used 4132K, capacity 4402K, committed 4480K, reserved 1048576K
}
Event: 45.047 GC heap before
{Heap before GC invocations=7 (full 0):
 garbage-first heap   total 131072K, used 29400K [0x00000000a0000000, 0x0000000100000000)
  region size 1024K, 15 young (15360K), 5 survivors (5120K)
 Metaspace       used 35039K, capacity 35799K, committed 35920K, reserved 1081344K
  class space    used 4474K, capacity 4798K, committed 4864K, reserved 1048576K
}
Event: 45.072 GC heap after
{Heap after GC invocations=8 (full 0):
 garbage-first heap   total 131072K, used 22346K [0x00000000a0000000, 0x0000000100000000)
  region size 1024K, 6 young (6144K), 6 survivors (6144K)
 Metaspace       used 35039K, capacity 35799K, committed 35920K, reserved 1081344K
  class space    used 4474K, capacity 4798K, committed 4864K, reserved 1048576K
}
Event: 54.752 GC heap before
{Heap before GC invocations=9 (full 0):
 garbage-first heap   total 131072K, used 67402K [0x00000000a0000000, 0x0000000100000000)
  region size 1024K, 51 young (52224K), 6 survivors (6144K)
 Metaspace       used 40340K, capacity 41166K, committed 41296K, reserved 1085440K
  class space    used 5244K, capacity 5584K, committed 5632K, reserved 1048576K
}
Event: 54.770 GC heap after
{Heap after GC invocations=10 (full 0):
 garbage-first heap   total 131072K, used 26339K [0x00000000a0000000, 0x0000000100000000)
  region size 1024K, 7 young (7168K), 7 survivors (7168K)
 Metaspace       used 40340K, capacity 41166K, committed 41296K, reserved 1085440K
  class space    used 5244K, capacity 5584K, committed 5632K, reserved 1048576K
}
Event: 68.512 GC heap before
{Heap before GC invocations=10 (full 0):
 garbage-first heap   total 131072K, used 76515K [0x00000000a0000000, 0x0000000100000000)
  region size 1024K, 54 young (55296K), 7 survivors (7168K)
 Metaspace       used 45620K, capacity 46636K, committed 46800K, reserved 1089536K
  class space    used 5743K, capacity 6145K, committed 6272K, reserved 1048576K
}
Event: 68.531 GC heap after
{Heap after GC invocations=11 (full 0):
 garbage-first heap   total 131072K, used 29297K [0x00000000a0000000, 0x0000000100000000)
  region size 1024K, 7 young (7168K), 7 survivors (7168K)
 Metaspace       used 45620K, capacity 46636K, committed 46800K, reserved 1089536K
  class space    used 5743K, capacity 6145K, committed 6272K, reserved 1048576K
}
Event: 76.860 GC heap before
{Heap before GC invocations=11 (full 0):
 garbage-first heap   total 131072K, used 79473K [0x00000000a0000000, 0x0000000100000000)
  region size 1024K, 56 young (57344K), 7 survivors (7168K)
 Metaspace       used 47922K, capacity 48998K, committed 49104K, reserved 1091584K
  class space    used 6089K, capacity 6502K, committed 6528K, reserved 1048576K
}
Event: 76.877 GC heap after
{Heap after GC invocations=12 (full 0):
 garbage-first heap   total 131072K, used 31752K [0x00000000a0000000, 0x0000000100000000)
  region size 1024K, 6 young (6144K), 6 survivors (6144K)
 Metaspace       used 47922K, capacity 48998K, committed 49104K, reserved 1091584K
  class space    used 6089K, capacity 6502K, committed 6528K, reserved 1048576K
}
Event: 87.454 GC heap before
{Heap before GC invocations=12 (full 0):
 garbage-first heap   total 131072K, used 83976K [0x00000000a0000000, 0x0000000100000000)
  region size 1024K, 57 young (58368K), 6 survivors (6144K)
 Metaspace       used 51628K, capacity 52802K, committed 52944K, reserved 1095680K
  class space    used 6558K, capacity 6977K, committed 7040K, reserved 1048576K
}
Event: 87.470 GC heap after
{Heap after GC invocations=13 (full 0):
 garbage-first heap   total 131072K, used 34518K [0x00000000a0000000, 0x0000000100000000)
  region size 1024K, 6 young (6144K), 6 survivors (6144K)
 Metaspace       used 51628K, capacity 52802K, committed 52944K, reserved 1095680K
  class space    used 6558K, capacity 6977K, committed 7040K, reserved 1048576K
}
Event: 95.230 GC heap before
{Heap before GC invocations=13 (full 0):
 garbage-first heap   total 131072K, used 83670K [0x00000000a0000000, 0x0000000100000000)
  region size 1024K, 56 young (57344K), 6 survivors (6144K)
 Metaspace       used 58892K, capacity 60159K, committed 60296K, reserved 1101824K
  class space    used 7492K, capacity 7995K, committed 8064K, reserved 1048576K
}
Event: 95.251 GC heap after
{Heap after GC invocations=14 (full 0):
 garbage-first heap   total 131072K, used 37551K [0x00000000a0000000, 0x0000000100000000)
  region size 1024K, 6 young (6144K), 6 survivors (6144K)
 Metaspace       used 58892K, capacity 60159K, committed 60296K, reserved 1101824K
  class space    used 7492K, capacity 7995K, committed 8064K, reserved 1048576K
}
Event: 116.195 GC heap before
{Heap before GC invocations=15 (full 0):
 garbage-first heap   total 131072K, used 92847K [0x00000000a0000000, 0x0000000100000000)
  region size 1024K, 60 young (61440K), 6 survivors (6144K)
 Metaspace       used 63283K, capacity 64753K, committed 64776K, reserved 1105920K
  class space    used 7886K, capacity 8432K, committed 8448K, reserved 1048576K
}
Event: 116.218 GC heap after
{Heap after GC invocations=16 (full 0):
 garbage-first heap   total 131072K, used 40694K [0x00000000a0000000, 0x0000000100000000)
  region size 1024K, 7 young (7168K), 7 survivors (7168K)
 Metaspace       used 63283K, capacity 64753K, committed 64776K, reserved 1105920K
  class space    used 7886K, capacity 8432K, committed 8448K, reserved 1048576K
}
Event: 137.322 GC heap before
{Heap before GC invocations=17 (full 0):
 garbage-first heap   total 131072K, used 94966K [0x00000000a0000000, 0x0000000100000000)
  region size 1024K, 61 young (62464K), 7 survivors (7168K)
 Metaspace       used 63899K, capacity 65339K, committed 65544K, reserved 1105920K
  class space    used 7890K, capacity 8429K, committed 8448K, reserved 1048576K
}
Event: 137.335 GC heap after
{Heap after GC invocations=18 (full 0):
 garbage-first heap   total 131072K, used 41673K [0x00000000a0000000, 0x0000000100000000)
  region size 1024K, 4 young (4096K), 4 survivors (4096K)
 Metaspace       used 63899K, capacity 65339K, committed 65544K, reserved 1105920K
  class space    used 7890K, capacity 8429K, committed 8448K, reserved 1048576K
}

