# JRE version: OpenJDK Runtime Environment (11.0.13) (build 11.0.13+0-b1751.21-8125866)
# Java VM: OpenJDK 64-Bit Server VM (11.0.13+0-b1751.21-8125866, mixed mode, tiered, compressed oops, g1 gc, windows-amd64)
Heap:
 garbage-first heap   total 131072K, used 68221K [0x00000000a0000000, 0x0000000100000000)
  region size 1024K, 34 young (34816K), 5 survivors (5120K)
 Metaspace       used 63727K, capacity 65119K, committed 65288K, reserved 1105920K
  class space    used 7857K, capacity 8380K, committed 8448K, reserved 1048576K
GC Heap History (20 events):
Event: 57.990 GC heap before
{Heap before GC invocations=5 (full 0):
 garbage-first heap   total 131072K, used 68497K [0x00000000a0000000, 0x0000000100000000)
  region size 1024K, 52 young (53248K), 2 survivors (2048K)
 Metaspace       used 26245K, capacity 26885K, committed 27056K, reserved 1073152K
  class space    used 3349K, capacity 3567K, committed 3584K, reserved 1048576K
}
Event: 58.002 GC heap after
{Heap after GC invocations=6 (full 0):
 garbage-first heap   total 131072K, used 19407K [0x00000000a0000000, 0x0000000100000000)
  region size 1024K, 4 young (4096K), 4 survivors (4096K)
 Metaspace       used 26245K, capacity 26885K, committed 27056K, reserved 1073152K
  class space    used 3349K, capacity 3567K, committed 3584K, reserved 1048576K
}
Event: 62.851 GC heap before
{Heap before GC invocations=6 (full 0):
 garbage-first heap   total 131072K, used 75727K [0x00000000a0000000, 0x0000000100000000)
  region size 1024K, 59 young (60416K), 4 survivors (4096K)
 Metaspace       used 31824K, capacity 32531K, committed 32560K, reserved 1077248K
  class space    used 4205K, capacity 4475K, committed 4480K, reserved 1048576K
}
Event: 62.863 GC heap after
{Heap after GC invocations=7 (full 0):
 garbage-first heap   total 131072K, used 21169K [0x00000000a0000000, 0x0000000100000000)
  region size 1024K, 6 young (6144K), 6 survivors (6144K)
 Metaspace       used 31824K, capacity 32531K, committed 32560K, reserved 1077248K
  class space    used 4205K, capacity 4475K, committed 4480K, reserved 1048576K
}
Event: 63.907 GC heap before
{Heap before GC invocations=7 (full 0):
 garbage-first heap   total 131072K, used 28337K [0x00000000a0000000, 0x0000000100000000)
  region size 1024K, 14 young (14336K), 6 survivors (6144K)
 Metaspace       used 35088K, capacity 35799K, committed 35920K, reserved 1081344K
  class space    used 4489K, capacity 4798K, committed 4864K, reserved 1048576K
}
Event: 63.944 GC heap after
{Heap after GC invocations=8 (full 0):
 garbage-first heap   total 131072K, used 22855K [0x00000000a0000000, 0x0000000100000000)
  region size 1024K, 6 young (6144K), 6 survivors (6144K)
 Metaspace       used 35088K, capacity 35799K, committed 35920K, reserved 1081344K
  class space    used 4489K, capacity 4798K, committed 4864K, reserved 1048576K
}
Event: 88.082 GC heap before
{Heap before GC invocations=9 (full 0):
 garbage-first heap   total 131072K, used 81223K [0x00000000a0000000, 0x0000000100000000)
  region size 1024K, 61 young (62464K), 6 survivors (6144K)
 Metaspace       used 40022K, capacity 40906K, committed 41168K, reserved 1085440K
  class space    used 5023K, capacity 5387K, committed 5504K, reserved 1048576K
}
Event: 88.107 GC heap after
{Heap after GC invocations=10 (full 0):
 garbage-first heap   total 131072K, used 27254K [0x00000000a0000000, 0x0000000100000000)
  region size 1024K, 8 young (8192K), 8 survivors (8192K)
 Metaspace       used 40022K, capacity 40906K, committed 41168K, reserved 1085440K
  class space    used 5023K, capacity 5387K, committed 5504K, reserved 1048576K
}
Event: 99.600 GC heap before
{Heap before GC invocations=10 (full 0):
 garbage-first heap   total 131072K, used 84598K [0x00000000a0000000, 0x0000000100000000)
  region size 1024K, 63 young (64512K), 8 survivors (8192K)
 Metaspace       used 46642K, capacity 47728K, committed 47952K, reserved 1091584K
  class space    used 5975K, capacity 6357K, committed 6400K, reserved 1048576K
}
Event: 99.624 GC heap after
{Heap after GC invocations=11 (full 0):
 garbage-first heap   total 131072K, used 30010K [0x00000000a0000000, 0x0000000100000000)
  region size 1024K, 4 young (4096K), 4 survivors (4096K)
 Metaspace       used 46642K, capacity 47728K, committed 47952K, reserved 1091584K
  class space    used 5975K, capacity 6357K, committed 6400K, reserved 1048576K
}
Event: 105.629 GC heap before
{Heap before GC invocations=11 (full 0):
 garbage-first heap   total 131072K, used 88378K [0x00000000a0000000, 0x0000000100000000)
  region size 1024K, 61 young (62464K), 4 survivors (4096K)
 Metaspace       used 50726K, capacity 51856K, committed 52048K, reserved 1095680K
  class space    used 6458K, capacity 6877K, committed 6912K, reserved 1048576K
}
Event: 105.645 GC heap after
{Heap after GC invocations=12 (full 0):
 garbage-first heap   total 131072K, used 32795K [0x00000000a0000000, 0x0000000100000000)
  region size 1024K, 7 young (7168K), 7 survivors (7168K)
 Metaspace       used 50726K, capacity 51856K, committed 52048K, reserved 1095680K
  class space    used 6458K, capacity 6877K, committed 6912K, reserved 1048576K
}
Event: 114.354 GC heap before
{Heap before GC invocations=12 (full 0):
 garbage-first heap   total 131072K, used 90139K [0x00000000a0000000, 0x0000000100000000)
  region size 1024K, 64 young (65536K), 7 survivors (7168K)
 Metaspace       used 58540K, capacity 59789K, committed 60112K, reserved 1101824K
  class space    used 7458K, capacity 7939K, committed 8064K, reserved 1048576K
}
Event: 114.377 GC heap after
{Heap after GC invocations=13 (full 0):
 garbage-first heap   total 131072K, used 36469K [0x00000000a0000000, 0x0000000100000000)
  region size 1024K, 8 young (8192K), 8 survivors (8192K)
 Metaspace       used 58540K, capacity 59789K, committed 60112K, reserved 1101824K
  class space    used 7458K, capacity 7939K, committed 8064K, reserved 1048576K
}
Event: 114.533 GC heap before
{Heap before GC invocations=13 (full 0):
 garbage-first heap   total 131072K, used 36469K [0x00000000a0000000, 0x0000000100000000)
  region size 1024K, 9 young (9216K), 8 survivors (8192K)
 Metaspace       used 58814K, capacity 60086K, committed 60296K, reserved 1101824K
  class space    used 7490K, capacity 7973K, committed 8064K, reserved 1048576K
}
Event: 114.550 GC heap after
{Heap after GC invocations=14 (full 0):
 garbage-first heap   total 131072K, used 36821K [0x00000000a0000000, 0x0000000100000000)
  region size 1024K, 4 young (4096K), 4 survivors (4096K)
 Metaspace       used 58814K, capacity 60086K, committed 60296K, reserved 1101824K
  class space    used 7490K, capacity 7973K, committed 8064K, reserved 1048576K
}
Event: 140.342 GC heap before
{Heap before GC invocations=15 (full 0):
 garbage-first heap   total 131072K, used 97237K [0x00000000a0000000, 0x0000000100000000)
  region size 1024K, 64 young (65536K), 4 survivors (4096K)
 Metaspace       used 62883K, capacity 64263K, committed 64520K, reserved 1105920K
  class space    used 7851K, capacity 8380K, committed 8448K, reserved 1048576K
}
Event: 140.354 GC heap after
{Heap after GC invocations=16 (full 0):
 garbage-first heap   total 131072K, used 39122K [0x00000000a0000000, 0x0000000100000000)
  region size 1024K, 7 young (7168K), 7 survivors (7168K)
 Metaspace       used 62883K, capacity 64263K, committed 64520K, reserved 1105920K
  class space    used 7851K, capacity 8380K, committed 8448K, reserved 1048576K
}
Event: 163.594 GC heap before
{Heap before GC invocations=16 (full 0):
 garbage-first heap   total 131072K, used 98514K [0x00000000a0000000, 0x0000000100000000)
  region size 1024K, 66 young (67584K), 7 survivors (7168K)
 Metaspace       used 63564K, capacity 64990K, committed 65288K, reserved 1105920K
  class space    used 7857K, capacity 8380K, committed 8448K, reserved 1048576K
}
Event: 163.609 GC heap after
{Heap after GC invocations=17 (full 0):
 garbage-first heap   total 131072K, used 40573K [0x00000000a0000000, 0x0000000100000000)
  region size 1024K, 5 young (5120K), 5 survivors (5120K)
 Metaspace       used 63564K, capacity 64990K, committed 65288K, reserved 1105920K
  class space    used 7857K, capacity 8380K, committed 8448K, reserved 1048576K
}

